Traceback (most recent call last):
  File "/usr/lib/python2.7/runpy.py", line 174, in _run_module_as_main
    "__main__", fname, loader, pkg_name)
  File "/usr/lib/python2.7/runpy.py", line 72, in _run_code
    exec code in run_globals
  File "/home/frappe/frappe-bench/apps/frappe/frappe/utils/bench_helper.py", line 79, in <module>
    main()
  File "/home/frappe/frappe-bench/apps/frappe/frappe/utils/bench_helper.py", line 16, in main
    click.Group(commands=commands)(prog_name='bench')
  File "/home/frappe/frappe-bench/env/local/lib/python2.7/site-packages/click/core.py", line 722, in __call__
    return self.main(*args, **kwargs)
  File "/home/frappe/frappe-bench/env/local/lib/python2.7/site-packages/click/core.py", line 697, in main
    rv = self.invoke(ctx)
  File "/home/frappe/frappe-bench/env/local/lib/python2.7/site-packages/click/core.py", line 1066, in invoke
    return _process_result(sub_ctx.command.invoke(sub_ctx))
  File "/home/frappe/frappe-bench/env/local/lib/python2.7/site-packages/click/core.py", line 1066, in invoke
    return _process_result(sub_ctx.command.invoke(sub_ctx))
  File "/home/frappe/frappe-bench/env/local/lib/python2.7/site-packages/click/core.py", line 895, in invoke
    return ctx.invoke(self.callback, **ctx.params)
  File "/home/frappe/frappe-bench/env/local/lib/python2.7/site-packages/click/core.py", line 535, in invoke
    return callback(*args, **kwargs)
  File "/home/frappe/frappe-bench/apps/frappe/frappe/commands/scheduler.py", line 151, in start_scheduler
    start_scheduler()
  File "/home/frappe/frappe-bench/apps/frappe/frappe/utils/scheduler.py", line 37, in start_scheduler
    schedule.run_pending()
  File "/home/frappe/frappe-bench/env/local/lib/python2.7/site-packages/schedule/__init__.py", line 462, in run_pending
    default_scheduler.run_pending()
  File "/home/frappe/frappe-bench/env/local/lib/python2.7/site-packages/schedule/__init__.py", line 75, in run_pending
    self._run_job(job)
  File "/home/frappe/frappe-bench/env/local/lib/python2.7/site-packages/schedule/__init__.py", line 129, in _run_job
    ret = job.run()
  File "/home/frappe/frappe-bench/env/local/lib/python2.7/site-packages/schedule/__init__.py", line 377, in run
    ret = self.job_func()
  File "/home/frappe/frappe-bench/apps/frappe/frappe/utils/scheduler.py", line 42, in enqueue_events_for_all_sites
    with frappe.init_site():
  File "/home/frappe/frappe-bench/apps/frappe/frappe/__init__.py", line 209, in __enter__
    init(self.site)
  File "/home/frappe/frappe-bench/apps/frappe/frappe/__init__.py", line 155, in init
    setup_module_map()
  File "/home/frappe/frappe-bench/apps/frappe/frappe/__init__.py", line 840, in setup_module_map
    for module in get_module_list(app):
  File "/home/frappe/frappe-bench/apps/frappe/frappe/__init__.py", line 714, in get_module_list
    return get_file_items(os.path.join(os.path.dirname(get_module(app_name).__file__), "modules.txt"))
  File "/home/frappe/frappe-bench/apps/frappe/frappe/__init__.py", line 672, in get_module
    return importlib.import_module(modulename)
  File "/usr/lib/python2.7/importlib/__init__.py", line 37, in import_module
    __import__(name)
ImportError: No module named library_management
